2024-05-03 20:06:49.378  INFO 15848 --- [main] com.boyue.AppMain                        : Starting AppMain on chengzhentaodeMacBook-Pro.local with PID 15848 (/Users/chengzhentao/workspace2/boyue-api/target/classes started by chengzhentao in /Users/chengzhentao/workspace2/boyue-api)
2024-05-03 20:06:49.386  INFO 15848 --- [main] com.boyue.AppMain                        : No active profile set, falling back to default profiles: default
2024-05-03 20:06:49.484  INFO 15848 --- [main] ConfigServletWebServerApplicationContext : Refreshing org.springframework.boot.web.servlet.context.AnnotationConfigServletWebServerApplicationContext@1c33c17b: startup date [Fri May 03 20:06:49 CST 2024]; root of context hierarchy
2024-05-03 20:06:49.913  INFO 15848 --- [main] o.s.b.f.xml.XmlBeanDefinitionReader      : Loading XML bean definitions from URL [file:/Users/chengzhentao/workspace2/boyue-api/target/classes/app.xml]
2024-05-03 20:06:49.991  INFO 15848 --- [main] o.s.b.f.xml.XmlBeanDefinitionReader      : Loading XML bean definitions from class path resource [spring/datasource.xml]
2024-05-03 20:06:50.151  WARN 15848 --- [main] o.m.s.mapper.ClassPathMapperScanner      : No MyBatis mapper was found in '[com.boyue]' package. Please check your configuration.
2024-05-03 20:06:50.733  INFO 15848 --- [main] o.s.b.w.embedded.tomcat.TomcatWebServer  : Tomcat initialized with port(s): 8888 (http)
2024-05-03 20:06:50.753  INFO 15848 --- [main] o.apache.catalina.core.StandardService   : Starting service [Tomcat]
2024-05-03 20:06:50.753  INFO 15848 --- [main] org.apache.catalina.core.StandardEngine  : Starting Servlet Engine: Apache Tomcat/8.5.28
2024-05-03 20:06:50.758  INFO 15848 --- [localhost-startStop-1] o.a.catalina.core.AprLifecycleListener   : The APR based Apache Tomcat Native library which allows optimal performance in production environments was not found on the java.library.path: [/Users/chengzhentao/Library/Java/Extensions:/Library/Java/Extensions:/Network/Library/Java/Extensions:/System/Library/Java/Extensions:/usr/lib/java:.]
2024-05-03 20:06:50.845  INFO 15848 --- [localhost-startStop-1] o.a.c.c.C.[Tomcat].[localhost].[/]       : Initializing Spring embedded WebApplicationContext
2024-05-03 20:06:50.845  INFO 15848 --- [localhost-startStop-1] o.s.web.context.ContextLoader            : Root WebApplicationContext: initialization completed in 1361 ms
2024-05-03 20:06:51.004  INFO 15848 --- [localhost-startStop-1] o.s.b.w.servlet.ServletRegistrationBean  : Servlet dispatcherServlet mapped to [/]
2024-05-03 20:06:51.008  INFO 15848 --- [localhost-startStop-1] o.s.b.w.servlet.FilterRegistrationBean   : Mapping filter: 'characterEncodingFilter' to: [/*]
2024-05-03 20:06:51.008  INFO 15848 --- [localhost-startStop-1] o.s.b.w.servlet.FilterRegistrationBean   : Mapping filter: 'hiddenHttpMethodFilter' to: [/*]
2024-05-03 20:06:51.008  INFO 15848 --- [localhost-startStop-1] o.s.b.w.servlet.FilterRegistrationBean   : Mapping filter: 'httpPutFormContentFilter' to: [/*]
2024-05-03 20:06:51.009  INFO 15848 --- [localhost-startStop-1] o.s.b.w.servlet.FilterRegistrationBean   : Mapping filter: 'requestContextFilter' to: [/*]
2024-05-03 20:06:51.364  INFO 15848 --- [main] com.alibaba.druid.pool.DruidDataSource   : {dataSource-1} inited
2024-05-03 20:06:52.201  INFO 15848 --- [main] s.w.s.m.m.a.RequestMappingHandlerAdapter : Looking for @ControllerAdvice: org.springframework.boot.web.servlet.context.AnnotationConfigServletWebServerApplicationContext@1c33c17b: startup date [Fri May 03 20:06:49 CST 2024]; root of context hierarchy
2024-05-03 20:06:52.278  INFO 15848 --- [main] s.w.s.m.m.a.RequestMappingHandlerMapping : Mapped "{[/api/detail/getById],methods=[GET]}" onto private com.boyue.common.Result com.boyue.controller.DetailController.list(java.lang.Long)
2024-05-03 20:06:52.279  INFO 15848 --- [main] s.w.s.m.m.a.RequestMappingHandlerMapping : Mapped "{[/api/detail/list],methods=[GET]}" onto private com.boyue.common.Result com.boyue.controller.DetailController.list(java.lang.String,java.lang.Integer,java.lang.Integer)
2024-05-03 20:06:52.279  INFO 15848 --- [main] s.w.s.m.m.a.RequestMappingHandlerMapping : Mapped "{[/api/detail/save],methods=[POST]}" onto private com.boyue.common.Result com.boyue.controller.DetailController.save(com.boyue.vo.OrderInfoVO)
2024-05-03 20:06:52.280  INFO 15848 --- [main] s.w.s.m.m.a.RequestMappingHandlerMapping : Mapped "{[/]}" onto public java.lang.Object com.boyue.controller.IndexController.index1() throws java.io.IOException
2024-05-03 20:06:52.280  INFO 15848 --- [main] s.w.s.m.m.a.RequestMappingHandlerMapping : Mapped "{[/web/**]}" onto public java.lang.Object com.boyue.controller.IndexController.index2() throws java.io.IOException
2024-05-03 20:06:52.282  INFO 15848 --- [main] s.w.s.m.m.a.RequestMappingHandlerMapping : Mapped "{[/api/order/delete],methods=[POST]}" onto private com.boyue.common.Result com.boyue.controller.OrderController.delete(com.boyue.vo.OrderInfoVO)
2024-05-03 20:06:52.282  INFO 15848 --- [main] s.w.s.m.m.a.RequestMappingHandlerMapping : Mapped "{[/api/order/list],methods=[GET]}" onto private com.boyue.common.Result com.boyue.controller.OrderController.list(java.lang.String,java.lang.String,java.lang.String,java.lang.String,java.lang.String,java.lang.String,java.lang.Integer,java.lang.Integer)
2024-05-03 20:06:52.282  INFO 15848 --- [main] s.w.s.m.m.a.RequestMappingHandlerMapping : Mapped "{[/api/order/save],methods=[POST]}" onto private com.boyue.common.Result com.boyue.controller.OrderController.list(com.boyue.vo.OrderInfoVO)
2024-05-03 20:06:52.282  INFO 15848 --- [main] s.w.s.m.m.a.RequestMappingHandlerMapping : Mapped "{[/api/order/detail],methods=[GET]}" onto private com.boyue.common.Result com.boyue.controller.OrderController.list(java.lang.Long)
2024-05-03 20:06:52.286  INFO 15848 --- [main] s.w.s.m.m.a.RequestMappingHandlerMapping : Mapped "{[/error],produces=[text/html]}" onto public org.springframework.web.servlet.ModelAndView org.springframework.boot.autoconfigure.web.servlet.error.BasicErrorController.errorHtml(javax.servlet.http.HttpServletRequest,javax.servlet.http.HttpServletResponse)
2024-05-03 20:06:52.287  INFO 15848 --- [main] s.w.s.m.m.a.RequestMappingHandlerMapping : Mapped "{[/error]}" onto public org.springframework.http.ResponseEntity<java.util.Map<java.lang.String, java.lang.Object>> org.springframework.boot.autoconfigure.web.servlet.error.BasicErrorController.error(javax.servlet.http.HttpServletRequest)
2024-05-03 20:06:52.339  INFO 15848 --- [main] o.s.w.s.handler.SimpleUrlHandlerMapping  : Mapped URL path [/webjars/**] onto handler of type [class org.springframework.web.servlet.resource.ResourceHttpRequestHandler]
2024-05-03 20:06:52.339  INFO 15848 --- [main] o.s.w.s.handler.SimpleUrlHandlerMapping  : Mapped URL path [/**] onto handler of type [class org.springframework.web.servlet.resource.ResourceHttpRequestHandler]
2024-05-03 20:06:52.390  INFO 15848 --- [main] o.s.w.s.handler.SimpleUrlHandlerMapping  : Mapped URL path [/**/favicon.ico] onto handler of type [class org.springframework.web.servlet.resource.ResourceHttpRequestHandler]
2024-05-03 20:06:52.422  INFO 15848 --- [main] o.s.b.a.w.s.WelcomePageHandlerMapping    : Adding welcome page: class path resource [static/index.html]
2024-05-03 20:06:52.878  INFO 15848 --- [main] o.s.j.e.a.AnnotationMBeanExporter        : Registering beans for JMX exposure on startup
2024-05-03 20:06:52.879  INFO 15848 --- [main] o.s.j.e.a.AnnotationMBeanExporter        : Bean with name 'log-filter' has been autodetected for JMX exposure
2024-05-03 20:06:52.879  INFO 15848 --- [main] o.s.j.e.a.AnnotationMBeanExporter        : Bean with name 'dataSource' has been autodetected for JMX exposure
2024-05-03 20:06:52.879  INFO 15848 --- [main] o.s.j.e.a.AnnotationMBeanExporter        : Bean with name 'stat-filter' has been autodetected for JMX exposure
2024-05-03 20:06:52.879  INFO 15848 --- [main] o.s.j.e.a.AnnotationMBeanExporter        : Bean with name 'wall-filter' has been autodetected for JMX exposure
2024-05-03 20:06:52.879  INFO 15848 --- [main] o.s.j.e.a.AnnotationMBeanExporter        : Bean with name 'myWallConfig' has been autodetected for JMX exposure
2024-05-03 20:06:52.885  INFO 15848 --- [main] o.s.j.e.a.AnnotationMBeanExporter        : Located MBean 'log-filter': registering with JMX server as MBean [com.alibaba.druid.filter.logging:name=log-filter,type=Slf4jLogFilter]
2024-05-03 20:06:52.886  INFO 15848 --- [main] o.s.j.e.a.AnnotationMBeanExporter        : Located MBean 'stat-filter': registering with JMX server as MBean [com.alibaba.druid.filter.stat:name=stat-filter,type=StatFilter]
2024-05-03 20:06:52.887  INFO 15848 --- [main] o.s.j.e.a.AnnotationMBeanExporter        : Located MBean 'wall-filter': registering with JMX server as MBean [com.alibaba.druid.wall:name=wall-filter,type=WallFilter]
2024-05-03 20:06:52.887  INFO 15848 --- [main] o.s.j.e.a.AnnotationMBeanExporter        : Located MBean 'myWallConfig': registering with JMX server as MBean [com.alibaba.druid.wall:name=myWallConfig,type=WallConfig]
2024-05-03 20:06:52.888  INFO 15848 --- [main] o.s.j.e.a.AnnotationMBeanExporter        : Located MBean 'dataSource': registering with JMX server as MBean [com.alibaba.druid.pool:name=dataSource,type=DruidDataSource]
2024-05-03 20:06:52.931  INFO 15848 --- [main] o.s.b.w.embedded.tomcat.TomcatWebServer  : Tomcat started on port(s): 8888 (http) with context path ''
2024-05-03 20:06:52.935  INFO 15848 --- [main] com.boyue.AppMain                        : Started AppMain in 23.987 seconds (JVM running for 30.055)
2024-05-03 20:38:07.366  INFO 15848 --- [http-nio-8888-exec-2] o.a.c.c.C.[Tomcat].[localhost].[/]       : Initializing Spring FrameworkServlet 'dispatcherServlet'
2024-05-03 20:38:07.367  INFO 15848 --- [http-nio-8888-exec-2] o.s.web.servlet.DispatcherServlet        : FrameworkServlet 'dispatcherServlet': initialization started
2024-05-03 20:38:07.407  INFO 15848 --- [http-nio-8888-exec-2] o.s.web.servlet.DispatcherServlet        : FrameworkServlet 'dispatcherServlet': initialization completed in 39 ms
2024-05-03 21:30:56.722  INFO 15848 --- [Thread-51] ConfigServletWebServerApplicationContext : Closing org.springframework.boot.web.servlet.context.AnnotationConfigServletWebServerApplicationContext@1c33c17b: startup date [Fri May 03 20:06:49 CST 2024]; root of context hierarchy
2024-05-03 21:30:56.751  INFO 15848 --- [Thread-51] o.s.j.e.a.AnnotationMBeanExporter        : Unregistering JMX-exposed beans on shutdown
2024-05-03 21:30:56.753  INFO 15848 --- [Thread-51] o.s.j.e.a.AnnotationMBeanExporter        : Unregistering JMX-exposed beans
2024-05-03 21:30:56.763  INFO 15848 --- [Thread-51] com.alibaba.druid.pool.DruidDataSource   : {dataSource-1} closed
2024-05-03 21:34:02.135  INFO 22030 --- [main] com.boyue.AppMain                        : Starting AppMain on chengzhentaodeMacBook-Pro.local with PID 22030 (/Users/chengzhentao/workspace2/boyue-api/target/classes started by chengzhentao in /Users/chengzhentao/workspace2/boyue-api)
2024-05-03 21:34:02.141  INFO 22030 --- [main] com.boyue.AppMain                        : No active profile set, falling back to default profiles: default
2024-05-03 21:34:02.172  INFO 22030 --- [main] ConfigServletWebServerApplicationContext : Refreshing org.springframework.boot.web.servlet.context.AnnotationConfigServletWebServerApplicationContext@2f67b837: startup date [Fri May 03 21:34:02 CST 2024]; root of context hierarchy
2024-05-03 21:34:02.480  INFO 22030 --- [main] o.s.b.f.xml.XmlBeanDefinitionReader      : Loading XML bean definitions from URL [file:/Users/chengzhentao/workspace2/boyue-api/target/classes/app.xml]
2024-05-03 21:34:02.551  INFO 22030 --- [main] o.s.b.f.xml.XmlBeanDefinitionReader      : Loading XML bean definitions from class path resource [spring/datasource.xml]
2024-05-03 21:34:02.710  WARN 22030 --- [main] o.m.s.mapper.ClassPathMapperScanner      : No MyBatis mapper was found in '[com.boyue]' package. Please check your configuration.
2024-05-03 21:34:03.265  INFO 22030 --- [main] o.s.b.w.embedded.tomcat.TomcatWebServer  : Tomcat initialized with port(s): 8888 (http)
2024-05-03 21:34:03.287  INFO 22030 --- [main] o.apache.catalina.core.StandardService   : Starting service [Tomcat]
2024-05-03 21:34:03.288  INFO 22030 --- [main] org.apache.catalina.core.StandardEngine  : Starting Servlet Engine: Apache Tomcat/8.5.28
2024-05-03 21:34:03.292  INFO 22030 --- [localhost-startStop-1] o.a.catalina.core.AprLifecycleListener   : The APR based Apache Tomcat Native library which allows optimal performance in production environments was not found on the java.library.path: [/Users/chengzhentao/Library/Java/Extensions:/Library/Java/Extensions:/Network/Library/Java/Extensions:/System/Library/Java/Extensions:/usr/lib/java:.]
2024-05-03 21:34:03.386  INFO 22030 --- [localhost-startStop-1] o.a.c.c.C.[Tomcat].[localhost].[/]       : Initializing Spring embedded WebApplicationContext
2024-05-03 21:34:03.387  INFO 22030 --- [localhost-startStop-1] o.s.web.context.ContextLoader            : Root WebApplicationContext: initialization completed in 1215 ms
2024-05-03 21:34:03.522  INFO 22030 --- [localhost-startStop-1] o.s.b.w.servlet.ServletRegistrationBean  : Servlet dispatcherServlet mapped to [/]
2024-05-03 21:34:03.526  INFO 22030 --- [localhost-startStop-1] o.s.b.w.servlet.FilterRegistrationBean   : Mapping filter: 'characterEncodingFilter' to: [/*]
2024-05-03 21:34:03.527  INFO 22030 --- [localhost-startStop-1] o.s.b.w.servlet.FilterRegistrationBean   : Mapping filter: 'hiddenHttpMethodFilter' to: [/*]
2024-05-03 21:34:03.527  INFO 22030 --- [localhost-startStop-1] o.s.b.w.servlet.FilterRegistrationBean   : Mapping filter: 'httpPutFormContentFilter' to: [/*]
2024-05-03 21:34:03.527  INFO 22030 --- [localhost-startStop-1] o.s.b.w.servlet.FilterRegistrationBean   : Mapping filter: 'requestContextFilter' to: [/*]
2024-05-03 21:34:03.821  INFO 22030 --- [main] com.alibaba.druid.pool.DruidDataSource   : {dataSource-1} inited
2024-05-03 21:34:04.632  INFO 22030 --- [main] s.w.s.m.m.a.RequestMappingHandlerAdapter : Looking for @ControllerAdvice: org.springframework.boot.web.servlet.context.AnnotationConfigServletWebServerApplicationContext@2f67b837: startup date [Fri May 03 21:34:02 CST 2024]; root of context hierarchy
2024-05-03 21:34:04.698  INFO 22030 --- [main] s.w.s.m.m.a.RequestMappingHandlerMapping : Mapped "{[/api/detail/getById],methods=[GET]}" onto private com.boyue.common.Result com.boyue.controller.DetailController.list(java.lang.Long)
2024-05-03 21:34:04.699  INFO 22030 --- [main] s.w.s.m.m.a.RequestMappingHandlerMapping : Mapped "{[/api/detail/list],methods=[GET]}" onto private com.boyue.common.Result com.boyue.controller.DetailController.list(java.lang.String,java.lang.Integer,java.lang.Integer)
2024-05-03 21:34:04.699  INFO 22030 --- [main] s.w.s.m.m.a.RequestMappingHandlerMapping : Mapped "{[/api/detail/save],methods=[POST]}" onto private com.boyue.common.Result com.boyue.controller.DetailController.save(com.boyue.vo.OrderInfoVO)
2024-05-03 21:34:04.700  INFO 22030 --- [main] s.w.s.m.m.a.RequestMappingHandlerMapping : Mapped "{[/]}" onto public java.lang.Object com.boyue.controller.IndexController.index1() throws java.io.IOException
2024-05-03 21:34:04.701  INFO 22030 --- [main] s.w.s.m.m.a.RequestMappingHandlerMapping : Mapped "{[/web/**]}" onto public java.lang.Object com.boyue.controller.IndexController.index2() throws java.io.IOException
2024-05-03 21:34:04.702  INFO 22030 --- [main] s.w.s.m.m.a.RequestMappingHandlerMapping : Mapped "{[/api/order/delete],methods=[POST]}" onto private com.boyue.common.Result com.boyue.controller.OrderController.delete(com.boyue.vo.OrderInfoVO)
2024-05-03 21:34:04.702  INFO 22030 --- [main] s.w.s.m.m.a.RequestMappingHandlerMapping : Mapped "{[/api/order/list],methods=[GET]}" onto private com.boyue.common.Result com.boyue.controller.OrderController.list(java.lang.String,java.lang.String,java.lang.String,java.lang.String,java.lang.String,java.lang.String,java.lang.Integer,java.lang.Integer)
2024-05-03 21:34:04.702  INFO 22030 --- [main] s.w.s.m.m.a.RequestMappingHandlerMapping : Mapped "{[/api/order/save],methods=[POST]}" onto private com.boyue.common.Result com.boyue.controller.OrderController.list(com.boyue.vo.OrderInfoVO)
2024-05-03 21:34:04.703  INFO 22030 --- [main] s.w.s.m.m.a.RequestMappingHandlerMapping : Mapped "{[/api/order/detail],methods=[GET]}" onto private com.boyue.common.Result com.boyue.controller.OrderController.list(java.lang.Long)
2024-05-03 21:34:04.706  INFO 22030 --- [main] s.w.s.m.m.a.RequestMappingHandlerMapping : Mapped "{[/error],produces=[text/html]}" onto public org.springframework.web.servlet.ModelAndView org.springframework.boot.autoconfigure.web.servlet.error.BasicErrorController.errorHtml(javax.servlet.http.HttpServletRequest,javax.servlet.http.HttpServletResponse)
2024-05-03 21:34:04.706  INFO 22030 --- [main] s.w.s.m.m.a.RequestMappingHandlerMapping : Mapped "{[/error]}" onto public org.springframework.http.ResponseEntity<java.util.Map<java.lang.String, java.lang.Object>> org.springframework.boot.autoconfigure.web.servlet.error.BasicErrorController.error(javax.servlet.http.HttpServletRequest)
2024-05-03 21:34:04.752  INFO 22030 --- [main] o.s.w.s.handler.SimpleUrlHandlerMapping  : Mapped URL path [/webjars/**] onto handler of type [class org.springframework.web.servlet.resource.ResourceHttpRequestHandler]
2024-05-03 21:34:04.752  INFO 22030 --- [main] o.s.w.s.handler.SimpleUrlHandlerMapping  : Mapped URL path [/**] onto handler of type [class org.springframework.web.servlet.resource.ResourceHttpRequestHandler]
2024-05-03 21:34:04.803  INFO 22030 --- [main] o.s.w.s.handler.SimpleUrlHandlerMapping  : Mapped URL path [/**/favicon.ico] onto handler of type [class org.springframework.web.servlet.resource.ResourceHttpRequestHandler]
2024-05-03 21:34:04.830  INFO 22030 --- [main] o.s.b.a.w.s.WelcomePageHandlerMapping    : Adding welcome page: class path resource [static/index.html]
2024-05-03 21:34:05.250  INFO 22030 --- [main] o.s.j.e.a.AnnotationMBeanExporter        : Registering beans for JMX exposure on startup
2024-05-03 21:34:05.251  INFO 22030 --- [main] o.s.j.e.a.AnnotationMBeanExporter        : Bean with name 'log-filter' has been autodetected for JMX exposure
2024-05-03 21:34:05.252  INFO 22030 --- [main] o.s.j.e.a.AnnotationMBeanExporter        : Bean with name 'dataSource' has been autodetected for JMX exposure
2024-05-03 21:34:05.252  INFO 22030 --- [main] o.s.j.e.a.AnnotationMBeanExporter        : Bean with name 'stat-filter' has been autodetected for JMX exposure
2024-05-03 21:34:05.252  INFO 22030 --- [main] o.s.j.e.a.AnnotationMBeanExporter        : Bean with name 'wall-filter' has been autodetected for JMX exposure
2024-05-03 21:34:05.252  INFO 22030 --- [main] o.s.j.e.a.AnnotationMBeanExporter        : Bean with name 'myWallConfig' has been autodetected for JMX exposure
2024-05-03 21:34:05.258  INFO 22030 --- [main] o.s.j.e.a.AnnotationMBeanExporter        : Located MBean 'log-filter': registering with JMX server as MBean [com.alibaba.druid.filter.logging:name=log-filter,type=Slf4jLogFilter]
2024-05-03 21:34:05.259  INFO 22030 --- [main] o.s.j.e.a.AnnotationMBeanExporter        : Located MBean 'stat-filter': registering with JMX server as MBean [com.alibaba.druid.filter.stat:name=stat-filter,type=StatFilter]
2024-05-03 21:34:05.259  INFO 22030 --- [main] o.s.j.e.a.AnnotationMBeanExporter        : Located MBean 'wall-filter': registering with JMX server as MBean [com.alibaba.druid.wall:name=wall-filter,type=WallFilter]
2024-05-03 21:34:05.260  INFO 22030 --- [main] o.s.j.e.a.AnnotationMBeanExporter        : Located MBean 'myWallConfig': registering with JMX server as MBean [com.alibaba.druid.wall:name=myWallConfig,type=WallConfig]
2024-05-03 21:34:05.261  INFO 22030 --- [main] o.s.j.e.a.AnnotationMBeanExporter        : Located MBean 'dataSource': registering with JMX server as MBean [com.alibaba.druid.pool:name=dataSource,type=DruidDataSource]
2024-05-03 21:34:05.300  INFO 22030 --- [main] o.s.b.w.embedded.tomcat.TomcatWebServer  : Tomcat started on port(s): 8888 (http) with context path ''
2024-05-03 21:34:05.303  INFO 22030 --- [main] com.boyue.AppMain                        : Started AppMain in 23.567 seconds (JVM running for 29.305)
2024-05-03 21:34:16.768  INFO 22030 --- [http-nio-8888-exec-1] o.a.c.c.C.[Tomcat].[localhost].[/]       : Initializing Spring FrameworkServlet 'dispatcherServlet'
2024-05-03 21:34:16.769  INFO 22030 --- [http-nio-8888-exec-1] o.s.web.servlet.DispatcherServlet        : FrameworkServlet 'dispatcherServlet': initialization started
2024-05-03 21:34:16.801  INFO 22030 --- [http-nio-8888-exec-1] o.s.web.servlet.DispatcherServlet        : FrameworkServlet 'dispatcherServlet': initialization completed in 31 ms
2024-05-03 21:35:27.069  INFO 22030 --- [Thread-50] ConfigServletWebServerApplicationContext : Closing org.springframework.boot.web.servlet.context.AnnotationConfigServletWebServerApplicationContext@2f67b837: startup date [Fri May 03 21:34:02 CST 2024]; root of context hierarchy
2024-05-03 21:35:27.071  INFO 22030 --- [Thread-50] o.s.j.e.a.AnnotationMBeanExporter        : Unregistering JMX-exposed beans on shutdown
2024-05-03 21:35:27.072  INFO 22030 --- [Thread-50] o.s.j.e.a.AnnotationMBeanExporter        : Unregistering JMX-exposed beans
2024-05-03 21:35:27.078  INFO 22030 --- [Thread-50] com.alibaba.druid.pool.DruidDataSource   : {dataSource-1} closed
